2026-04-14 16:42:19 | REMOVE | db.py                                    |    0 |   -266 | 
2026-04-14 16:42:19 | CREATE | db.py                                    |  267 |   +267 | dirty
2026-04-14 16:42:25 | REMOVE | db.py                                    |    0 |   -267 | 
2026-04-14 16:42:25 | CREATE | db.py                                    |  287 |   +287 | dirty
2026-04-14 16:42:29 | REMOVE | app.py                                   |    0 |   -540 | 
2026-04-14 16:42:29 | CREATE | app.py                                   |  541 |   +541 | dirty
2026-04-14 16:42:33 | REMOVE | app.py                                   |    0 |   -541 | 
2026-04-14 16:42:33 | CREATE | app.py                                   |  550 |   +550 | dirty
2026-04-14 16:42:38 | REMOVE | app.py                                   |    0 |   -550 | 
2026-04-14 16:42:38 | CREATE | app.py                                   |  573 |   +573 | dirty
2026-04-14 16:42:41 | REMOVE | app.py                                   |    0 |   -573 | 
2026-04-14 16:42:41 | CREATE | app.py                                   |  574 |   +574 | dirty
2026-04-14 16:42:43 | REMOVE | app.py                                   |    0 |   -574 | 
2026-04-14 16:42:43 | CREATE | app.py                                   |  575 |   +575 | dirty
2026-04-14 16:42:46 | REMOVE | app.py                                   |    0 |   -575 | 
2026-04-14 16:42:46 | CREATE | app.py                                   |  576 |   +576 | dirty
2026-04-14 16:42:51 | REMOVE | app.py                                   |    0 |   -576 | 
2026-04-14 16:42:51 | CREATE | app.py                                   |  577 |   +577 | dirty
2026-04-14 16:42:54 | REMOVE | app.py                                   |    0 |   -577 | 
2026-04-14 16:42:54 | CREATE | app.py                                   |  578 |   +578 | dirty
2026-04-14 16:42:57 | REMOVE | app.py                                   |    0 |   -578 | 
2026-04-14 16:42:57 | CREATE | app.py                                   |  579 |   +579 | dirty
2026-04-14 16:43:00 | REMOVE | app.py                                   |    0 |   -579 | 
2026-04-14 16:43:00 | CREATE | app.py                                   |  580 |   +580 | dirty
2026-04-14 16:43:03 | REMOVE | app.py                                   |    0 |   -580 | 
2026-04-14 16:43:03 | CREATE | app.py                                   |  581 |   +581 | dirty
2026-04-14 16:43:06 | REMOVE | app.py                                   |    0 |   -581 | 
2026-04-14 16:43:06 | CREATE | app.py                                   |  582 |   +582 | dirty
2026-04-14 16:43:09 | REMOVE | app.py                                   |    0 |   -582 | 
2026-04-14 16:43:09 | CREATE | app.py                                   |  583 |   +583 | dirty
2026-04-14 16:43:12 | REMOVE | app.py                                   |    0 |   -583 | 
2026-04-14 16:43:12 | CREATE | app.py                                   |  584 |   +584 | dirty
2026-04-14 16:43:15 | REMOVE | app.py                                   |    0 |   -584 | 
2026-04-14 16:43:15 | CREATE | app.py                                   |  585 |   +585 | dirty
2026-04-14 16:43:20 | REMOVE | app.py                                   |    0 |   -585 | 
2026-04-14 16:43:20 | CREATE | app.py                                   |  586 |   +586 | dirty
2026-04-14 16:43:23 | REMOVE | app.py                                   |    0 |   -586 | 
2026-04-14 16:43:23 | CREATE | app.py                                   |  587 |   +587 | dirty
2026-04-14 16:43:26 | REMOVE | app.py                                   |    0 |   -587 | 
2026-04-14 16:43:26 | CREATE | app.py                                   |  588 |   +588 | dirty
2026-04-14 16:43:29 | REMOVE | app.py                                   |    0 |   -588 | 
2026-04-14 16:43:29 | CREATE | app.py                                   |  589 |   +589 | dirty
2026-04-14 16:43:33 | REMOVE | app.py                                   |    0 |   -589 | 
2026-04-14 16:43:33 | CREATE | app.py                                   |  590 |   +590 | dirty
2026-04-14 17:43:44 | WRITE  | db.py                                    |  303 |    +16 | dirty
2026-04-14 17:43:49 | WRITE  | scheduler.py                             |  207 |     +1 | dirty
2026-04-14 17:44:00 | WRITE  | app.py                                   |  594 |     +4 | dirty
2026-04-14 19:58:06 | WRITE  | db.py                                    |  341 |    +38 | dirty
2026-04-14 19:58:29 | WRITE  | scheduler.py                             |  218 |    +11 | dirty
2026-04-14 19:58:48 | WRITE  | app.py                                   |  604 |    +10 | dirty
2026-04-14 20:10:35 | WRITE  | scheduler.py                             |  231 |    +13 | dirty
2026-04-14 20:14:19 | WRITE  | db.py                                    |  357 |    +16 | dirty
2026-04-14 20:14:29 | WRITE  | scheduler.py                             |  262 |    +31 | dirty
2026-04-14 20:14:45 | WRITE  | app.py                                   |  623 |    +19 | dirty
2026-04-14 20:48:24 | WRITE  | app.py                                   |  630 |     +7 | dirty
2026-04-14 20:49:25 | CREATE | tray_launcher.py                         |  328 |   +328 | 
2026-04-14 20:49:25 | WRITE  | tray_launcher.py                         |  328 |        | 
2026-04-14 20:50:05 | WRITE  | db.py                                    |  358 |     +1 | dirty
2026-04-14 20:50:12 | WRITE  | app.py                                   |  631 |     +1 | dirty
2026-04-14 20:50:42 | REMOVE | tray_launcher.py                         |    0 |   -328 | 
2026-04-14 20:51:40 | CREATE | tray_launcher.py                         |  320 |   +320 | 
2026-04-14 20:51:40 | WRITE  | tray_launcher.py                         |  320 |        | 
2026-04-14 20:53:54 | WRITE  | tray_launcher.py                         |  332 |    +12 | 
2026-04-14 21:07:57 | WRITE  | tray_launcher.py                         |  377 |    +45 | 
2026-04-14 21:15:38 | WRITE  | tray_launcher.py                         |  381 |     +4 | 
2026-04-14 21:16:31 | WRITE  | tray_launcher.py                         |  393 |    +12 | 
2026-04-14 21:19:16 | WRITE  | tray_launcher.py                         |  420 |    +27 | 
2026-04-14 21:44:29 | REMOVE | tray_launcher.py                         |    0 |   -420 | 
2026-04-14 21:44:29 | REMOVE | tray_launcher.py                         |    0 |   -420 | 
2026-04-14 21:44:29 | CREATE | tray_launcher.py                         |  424 |   +424 | dirty
2026-04-14 21:44:29 | CREATE | tray_launcher.py                         |  424 |   +424 | dirty
2026-04-14 21:44:38 | REMOVE | tray_launcher.py                         |    0 |   -424 | 
2026-04-14 21:44:38 | REMOVE | tray_launcher.py                         |    0 |   -424 | 
2026-04-14 21:44:38 | CREATE | tray_launcher.py                         |  429 |   +429 | dirty
2026-04-14 21:44:38 | CREATE | tray_launcher.py                         |  429 |   +429 | dirty
2026-04-15 13:13:52 | WRITE  | db.py                                    |  364 |     +6 | dirty
2026-04-15 13:13:52 | WRITE  | db.py                                    |  364 |     +6 | dirty
2026-04-15 13:13:52 | WRITE  | app.py                                   |  631 |        | dirty
2026-04-15 13:13:52 | WRITE  | app.py                                   |  631 |        | dirty
2026-04-16 15:05:43 | WRITE  | app.py                                   |  712 |    +81 | dirty
2026-04-16 15:05:43 | WRITE  | app.py                                   |  712 |    +81 | dirty
